----------------------------------------------------------------------------------------------------
------------------------------------ MegaLinter, by OX Security ------------------------------------
----------------------------------------------------------------------------------------------------
 - Image Creation Date: 2026-05-16T13:17:56Z
 - Image Revision: 0e3ce9b9c8c10effb9b269509cc47ca17cae31c7
 - Image Version: v9.5.0
----------------------------------------------------------------------------------------------------
The MegaLinter documentation can be found at:
 - https://megalinter.io/9.5.0
----------------------------------------------------------------------------------------------------
MegaLinter initialization
MegaLinter will analyze workspace [/tmp/lint]

[Activation] ANSIBLE_ANSIBLE_LINT has been set inactive, as none of these files has been found: ['.ansible-lint', '.ansible-lint.yml', '.ansible-lint.yaml', '.config/ansible-lint.yml', '.config/ansible-lint.yaml']
[Activation] EDITORCONFIG_EDITORCONFIG_CHECKER has been set inactive, as none of these files has been found: ['.editorconfig']
[Activation] JAVASCRIPT_ES has been set inactive, as none of these files has been found: ['eslint.config.js', 'eslint.config.mjs', 'eslint.config.cjs', 'eslint.config.ts', '.eslintrc.json', '.eslintrc.yml', '.eslintrc.yaml', '.eslintrc.js', '.eslintrc.cjs', 'package.json:eslintConfig']
[Activation] JSON_NPM_PACKAGE_JSON_LINT has been set inactive, as none of these files has been found: ['package.json']
[Activation] JSX_ESLINT has been set inactive, as none of these files has been found: ['eslint.config.js', 'eslint.config.mjs', 'eslint.config.cjs', 'eslint.config.ts', '.eslintrc.json', '.eslintrc.yml', '.eslintrc.yaml', '.eslintrc.js', '.eslintrc.cjs', 'package.json:eslintConfig']
[Activation] KUBERNETES_KUBECONFORM has been set inactive, as subdirectory has not been found: kubernetes (set value "any" to always activate)
[Activation] KUBERNETES_HELM has been set inactive, as none of these files has been found: ['Chart.yml', 'Chart.yaml']
[Activation] KUBERNETES_KUBESCAPE has been set inactive, as none of these files has been found: ['Chart.yml', 'Chart.yaml']
[Activation] REPOSITORY_LS_LINT has been set inactive, as none of these files has been found: ['.ls-lint.yml']
[SemgrepLinter] Deactivated because no ruleset has been defined
[Activation] SALESFORCE_CODE_ANALYZER_APEX has been set inactive, as subdirectory has not been found: force-app (set value "any" to always activate)
[Activation] SALESFORCE_CODE_ANALYZER_AURA has been set inactive, as subdirectory has not been found: force-app (set value "any" to always activate)
[Activation] SALESFORCE_CODE_ANALYZER_LWC has been set inactive, as subdirectory has not been found: force-app (set value "any" to always activate)
[Activation] SALESFORCE_SFDX_SCANNER_APEX has been set inactive, as subdirectory has not been found: force-app (set value "any" to always activate)
[Activation] SALESFORCE_SFDX_SCANNER_AURA has been set inactive, as subdirectory has not been found: force-app (set value "any" to always activate)
[Activation] SALESFORCE_SFDX_SCANNER_LWC has been set inactive, as subdirectory has not been found: force-app (set value "any" to always activate)
[Activation] SALESFORCE_LIGHTNING_FLOW_SCANNER has been set inactive, as subdirectory has not been found: force-app (set value "any" to always activate)
[Activation] SPELL_PROSELINT has been set inactive, as none of these files has been found: ['.proselintrc', 'proselint/config.json']
[Activation] SPELL_VALE has been set inactive, as none of these files has been found: ['.vale.ini']
[Activation] SPELL_CODESPELL has been set inactive, as none of these files has been found: ['.codespellrc']
[Activation] SQL_SQLFLUFF has been set inactive, as none of these files has been found: ['.sqlfluff']
[Activation] SWIFT_SWIFTLINT has been set inactive, as none of these files has been found: ['.swiftlint.yml']
[Activation] TSX_ESLINT has been set inactive, as none of these files has been found: ['eslint.config.js', 'eslint.config.mjs', 'eslint.config.cjs', 'eslint.config.ts', '.eslintrc.json', '.eslintrc.yml', '.eslintrc.yaml', '.eslintrc.js', '.eslintrc.cjs', 'package.json:eslintConfig']
[Activation] TYPESCRIPT_ES has been set inactive, as none of these files has been found: ['eslint.config.js', 'eslint.config.mjs', 'eslint.config.cjs', 'eslint.config.ts', '.eslintrc.json', '.eslintrc.yml', '.eslintrc.yaml', '.eslintrc.js', '.eslintrc.cjs', 'package.json:eslintConfig']
API_SPECTRAL has been disabled in MegaLinter for the following reason: crashing
JSON_ESLINT_PLUGIN_JSONC has been disabled in MegaLinter for the following reason: Bug in eslint-plugin-jsonc: <https://github.com/ota-meshi/eslint-plugin-jsonc/issues/328>
LUA_SELENE has been disabled in MegaLinter for the following reason: <https://github.com/Kampfkarren/selene/issues/662>
MAKEFILE_CHECKMAKE has been disabled in MegaLinter for the following reason: Security issues: <https://github.com/checkmake/checkmake/issues/99>
MARKDOWN_REMARK_LINT has been disabled in MegaLinter for the following reason: Bug in remark-lint: <https://github.com/remarkjs/remark-lint/issues/322>
PUPPET_PUPPET_LINT has been disabled in MegaLinter for the following reason: <https://github.com/puppetlabs/puppet-lint/issues/251>
REPOSITORY_KICS has been disabled in MegaLinter for the following reason: Supply chain compromise - <https://socket.dev/blog/checkmarx-supply-chain-compromise>
SALESFORCE_LIGHTNING_FLOW_SCANNER has been disabled in MegaLinter for the following reason: Repo archived -> <https://github.com/Lightning-Flow-Scanner>
Skipped linters: ANSIBLE_ANSIBLE_LINT, API_SPECTRAL, EDITORCONFIG_EDITORCONFIG_CHECKER, JAVASCRIPT_ES, JAVASCRIPT_PRETTIER, JSON_ESLINT_PLUGIN_JSONC, JSON_NPM_PACKAGE_JSON_LINT, JSX_ESLINT, KUBERNETES_HELM, KUBERNETES_KUBECONFORM, KUBERNETES_KUBESCAPE, LUA_SELENE, MAKEFILE_CHECKMAKE, MARKDOWN_REMARK_LINT, MARKDOWN_RUMDL, PUPPET_PUPPET_LINT, PYTHON_RUFF_FORMAT, REPOSITORY_KICS, REPOSITORY_LS_LINT, REPOSITORY_SEMGREP, SALESFORCE_CODE_ANALYZER_APEX, SALESFORCE_CODE_ANALYZER_AURA, SALESFORCE_CODE_ANALYZER_LWC, SALESFORCE_LIGHTNING_FLOW_SCANNER, SALESFORCE_SFDX_SCANNER_APEX, SALESFORCE_SFDX_SCANNER_AURA, SALESFORCE_SFDX_SCANNER_LWC, SPELL_CODESPELL, SPELL_PROSELINT, SPELL_VALE, SQL_SQLFLUFF, SWIFT_SWIFTLINT, TSX_ESLINT, TYPESCRIPT_ES, TYPESCRIPT_PRETTIER
To receive reports as email, please set variable EMAIL_REPORTER_EMAIL
[ApiReporter] Not enabled as API_REPORTER is not defined to true

MegaLinter now collects the files to analyse
Listing all files in directory [/tmp/lint], then filter with:
- File extensions: , .R, .RMD, .Rmd, .bash, .bicep, .c, .c++, .cc, .cdxml, .clj, .cljc, .cljs, .coffee, .config, .cpp, .cs, .csproj, .css, .cu, .cuh, .cxx, .dart, .dash, .edn, .env, .feature, .go, .gradle, .graphql, .groovy, .gvy, .h, .h++, .hcl, .hh, .hpp, .htm, .html, .hxx, .ipynb, .java, .js, .json, .json5, .jsonc, .ksh, .kt, .kts, .lua, .markdown, .md, .mdx, .nf, .p6, .php, .pl, .pl6, .pm, .pm6, .props, .proto, .ps1, .ps1xml, .psd1, .psm1, .psrc, .pssc, .pxd, .py, .pyi, .pyx, .r, .raku, .rakumod, .rakutest, .rb, .resource, .robot, .rs, .rst, .saas, .scala, .scss, .sh, .smk, .sql, .t, .targets, .tex, .tf, .ts, .txt, .vb, .xml, .xsd, .yaml, .yml
- File names (regex): (.*\.)?Dockerfile, Containerfile, Jenkinsfile, Snakefile
- Excluding .gitignored files [0]: 
Kept [14] files on [14] found files

+----MATCHING LINTERS-------------------+------------------------------------------------------------------------+----------------+------------+
| Descriptor | Linter                   | Criteria                                                               | Matching files | Format/Fix |
+------------+--------------------------+------------------------------------------------------------------------+----------------+------------+
| ACTION     | actionlint               | .yml|.yaml                                                             | 5              | no         |
| ACTION     | zizmor                   | .yml|.yaml                                                             | 5              | no         |
| COPYPASTE  | jscpd                    |                                                                        | project        | no         |
| JSON       | jsonlint                 | .json                                                                  | 1              | no         |
| JSON       | v8r                      | .json                                                                  | 1              | no         |
| JSON       | prettier                 | .json                                                                  | 1              | no         |
| MARKDOWN   | markdownlint             | .md                                                                    | 3              | no         |
| MARKDOWN   | markdown-table-formatter | .md                                                                    | 3              | no         |
| REPOSITORY | checkov                  |                                                                        | project        | no         |
| REPOSITORY | devskim                  |                                                                        | project        | no         |
| REPOSITORY | dustilock                |                                                                        | project        | no         |
| REPOSITORY | git_diff                 |                                                                        | project        | no         |
| REPOSITORY | gitleaks                 |                                                                        | project        | no         |
| REPOSITORY | grype                    |                                                                        | project        | no         |
| REPOSITORY | osv-scanner              |                                                                        | project        | no         |
| REPOSITORY | secretlint               |                                                                        | project        | no         |
| REPOSITORY | syft                     |                                                                        | project        | no         |
| REPOSITORY | trivy                    |                                                                        | project        | no         |
| REPOSITORY | trivy-sbom               |                                                                        | project        | no         |
| REPOSITORY | trufflehog               |                                                                        | project        | no         |
| REPOSITORY | kingfisher               |                                                                        | project        | no         |
| SPELL      | cspell                   |                                                                        | 14             | no         |
| SPELL      | lychee                   | .md|.mdx|.markdown|.html|.htm|.rst|.txt|.json|.jsonc|.json5|.yaml|.yml | 13             | no         |
| YAML       | prettier                 | .yml|.yaml                                                             | 9              | no         |
| YAML       | yamllint                 | .yml|.yaml                                                             | 9              | no         |
| YAML       | v8r                      | .yml|.yaml                                                             | 9              | no         |
+------------+--------------------------+------------------------------------------------------------------------+----------------+------------+

Processing linters on [4] parallel cores… (can be decreased with variable PARALLEL_PROCESS_NUMBER in case of performance issues)
