Results of kingfisher linter (version 1.99.0)
See documentation on https://megalinter.io/9.5.0/descriptors/repository_kingfisher/
-----------------------------------------------

❌ [ERROR] for workspace /tmp/lint
Linter raw log:
Failed to check for updates
 INFO kingfisher: Launching with 8 concurrent scan jobs. Use --num-jobs to override.
 INFO kingfisher::rule_loader: Loaded 921 rules
 INFO kingfisher::scanner::runner: Starting secret validation phase...
GITHUB APP SERVER-TO-SERVER TOKEN (STATELESS JWT FORMAT) => [KINGFISHER.GITHUB.9]
 |Finding.......: [REDACTED:5f0daea8]
 |Fingerprint...: 14261850188596313680
 |Confidence....: medium
 |Entropy.......: 5.72
 |Validation....: Inactive Credential
 |__Response....: HTTP error: Max retries reached
 |Language......: Unknown
 |Line Num......: 17
 |Path..........: ./.git/config


JSON WEB TOKEN (BASE64URL-ENCODED) => [KINGFISHER.JWT.1]
 |Finding.......: [REDACTED:1d1c3683]
 |Fingerprint...: 11850039141450975168
 |Confidence....: medium
 |Entropy.......: 5.71
 |Validation....: Inactive Credential
 |__Response....: no kid in header
 |Language......: Unknown
 |Line Num......: 17
 |Path..........: ./.git/config


==========================================
Scan Summary:
==========================================
 |Findings....................: 2
 |__Successful Validations....: 0
 |__Failed Validations........: 2
 |__Skipped Validations.......: 0
 |Rules Applied...............: 921
 |__Blobs Scanned.............: 104
 |Bytes Scanned...............: 107.88 KiB
 |Scan Duration...............: 1s 59ms 893us 514ns
 |Scan Date...................: 2026-06-04 18:35:49 +00:00
 |Kingfisher Version..........: 1.99.0
 |__Latest Version............: Unknown (update check failed)

